


ARM Macro Assembler    Page 1 


    1 00000000         ;******************** (C) COPYRIGHT 2013 STMicroelectron
                       ics ********************
    2 00000000         ;* File Name          : startup_stm32f40_41xxx.s
    3 00000000         ;* Author             : MCD Application Team
    4 00000000         ;* Version            : V1.3.0
    5 00000000         ;* Date               : 08-November-2013
    6 00000000         ;* Description        : STM32F40xxx/41xxx devices vector
                        table for MDK-ARM toolchain. 
    7 00000000         ;*                      This module performs:
    8 00000000         ;*                      - Set the initial SP
    9 00000000         ;*                      - Set the initial PC == Reset_Ha
                       ndler
   10 00000000         ;*                      - Set the vector table entries w
                       ith the exceptions ISR address
   11 00000000         ;*                      - Configure the system clock and
                        the external SRAM mounted on 
   12 00000000         ;*                        STM324xG-EVAL board to be used
                        as data memory (optional, 
   13 00000000         ;*                        to be enabled by user)
   14 00000000         ;*                      - Branches to __main in the C li
                       brary (which eventually
   15 00000000         ;*                        calls main()).
   16 00000000         ;*                      After Reset the CortexM4 process
                       or is in Thread mode,
   17 00000000         ;*                      priority is Privileged, and the 
                       Stack is set to Main.
   18 00000000         ;* <<< Use Configuration Wizard in Context Menu >>>   
   19 00000000         ;*******************************************************
                       ************************
   20 00000000         ; 
   21 00000000         ; Licensed under MCD-ST Liberty SW License Agreement V2,
                        (the "License");
   22 00000000         ; You may not use this file except in compliance with th
                       e License.
   23 00000000         ; You may obtain a copy of the License at:
   24 00000000         ; 
   25 00000000         ;        http://www.st.com/software_license_agreement_li
                       berty_v2
   26 00000000         ; 
   27 00000000         ; Unless required by applicable law or agreed to in writ
                       ing, software 
   28 00000000         ; distributed under the License is distributed on an "AS
                        IS" BASIS, 
   29 00000000         ; WITHOUT WARRANTIES OR CONDITIONS OF ANY KIND, either e
                       xpress or implied.
   30 00000000         ; See the License for the specific language governing pe
                       rmissions and
   31 00000000         ; limitations under the License.
   32 00000000         ; 
   33 00000000         ;*******************************************************
                       ************************
   34 00000000         
   35 00000000         ; Amount of memory (in bytes) allocated for Stack
   36 00000000         ; Tailor this value to your application needs
   37 00000000         ; <h> Stack Configuration
   38 00000000         ;   <o> Stack Size (in Bytes) <0x0-0xFFFFFFFF:8>
   39 00000000         ; </h>
   40 00000000         
   41 00000000 00000400 



ARM Macro Assembler    Page 2 


                       Stack_Size
                               EQU              0x00000400
   42 00000000         
   43 00000000                 AREA             STACK, NOINIT, READWRITE, ALIGN
=3
   44 00000000         Stack_Mem
                               SPACE            Stack_Size
   45 00000400         __initial_sp
   46 00000400         
   47 00000400         
   48 00000400         ; <h> Heap Configuration
   49 00000400         ;   <o>  Heap Size (in Bytes) <0x0-0xFFFFFFFF:8>
   50 00000400         ; </h>
   51 00000400         
   52 00000400 00000200 
                       Heap_Size
                               EQU              0x00000200
   53 00000400         
   54 00000400                 AREA             HEAP, NOINIT, READWRITE, ALIGN=
3
   55 00000000         __heap_base
   56 00000000         Heap_Mem
                               SPACE            Heap_Size
   57 00000200         __heap_limit
   58 00000200         
   59 00000200                 PRESERVE8
   60 00000200                 THUMB
   61 00000200         
   62 00000200         
   63 00000200         ; Vector Table Mapped to Address 0 at Reset
   64 00000200                 AREA             RESET, DATA, READONLY
   65 00000000                 EXPORT           __Vectors
   66 00000000                 EXPORT           __Vectors_End
   67 00000000                 EXPORT           __Vectors_Size
   68 00000000         
   69 00000000 00000000 
                       __Vectors
                               DCD              __initial_sp ; Top of Stack
   70 00000004 00000000        DCD              Reset_Handler ; Reset Handler
   71 00000008 00000000        DCD              NMI_Handler ; NMI Handler
   72 0000000C 00000000        DCD              HardFault_Handler ; Hard Fault 
                                                            Handler
   73 00000010 00000000        DCD              MemManage_Handler 
                                                            ; MPU Fault Handler
                                                            
   74 00000014 00000000        DCD              BusFault_Handler 
                                                            ; Bus Fault Handler
                                                            
   75 00000018 00000000        DCD              UsageFault_Handler ; Usage Faul
                                                            t Handler
   76 0000001C 00000000        DCD              0           ; Reserved
   77 00000020 00000000        DCD              0           ; Reserved
   78 00000024 00000000        DCD              0           ; Reserved
   79 00000028 00000000        DCD              0           ; Reserved
   80 0000002C 00000000        DCD              SVC_Handler ; SVCall Handler
   81 00000030 00000000        DCD              DebugMon_Handler ; Debug Monito
                                                            r Handler
   82 00000034 00000000        DCD              0           ; Reserved
   83 00000038 00000000        DCD              PendSV_Handler ; PendSV Handler



ARM Macro Assembler    Page 3 


                                                            
   84 0000003C 00000000        DCD              SysTick_Handler 
                                                            ; SysTick Handler
   85 00000040         
   86 00000040         ; External Interrupts
   87 00000040 00000000        DCD              WWDG_IRQHandler ; Window WatchD
                                                            og                 
                                                                               
                                                                
   88 00000044 00000000        DCD              PVD_IRQHandler ; PVD through EX
                                                            TI Line detection  
                                                                               
                                                               
   89 00000048 00000000        DCD              TAMP_STAMP_IRQHandler ; Tamper 
                                                            and TimeStamps thro
                                                            ugh the EXTI line  
                                                                      
   90 0000004C 00000000        DCD              RTC_WKUP_IRQHandler ; RTC Wakeu
                                                            p through the EXTI 
                                                            line               
                                                                    
   91 00000050 00000000        DCD              FLASH_IRQHandler ; FLASH       
                                                                               
                                                                             
   92 00000054 00000000        DCD              RCC_IRQHandler ; RCC           
                                                                               
                                                                           
   93 00000058 00000000        DCD              EXTI0_IRQHandler ; EXTI Line0  
                                                                               
                                                                               
                                                                 
   94 0000005C 00000000        DCD              EXTI1_IRQHandler ; EXTI Line1  
                                                                               
                                                                               
                                                                 
   95 00000060 00000000        DCD              EXTI2_IRQHandler ; EXTI Line2  
                                                                               
                                                                               
                                                                 
   96 00000064 00000000        DCD              EXTI3_IRQHandler ; EXTI Line3  
                                                                               
                                                                               
                                                                 
   97 00000068 00000000        DCD              EXTI4_IRQHandler ; EXTI Line4  
                                                                               
                                                                               
                                                                 
   98 0000006C 00000000        DCD              DMA1_Stream0_IRQHandler ; DMA1 
                                                            Stream 0           
                                                                               
                                                                 
   99 00000070 00000000        DCD              DMA1_Stream1_IRQHandler ; DMA1 
                                                            Stream 1           
                                                                               
                                                                 
  100 00000074 00000000        DCD              DMA1_Stream2_IRQHandler ; DMA1 
                                                            Stream 2           
                                                                               
                                                                 



ARM Macro Assembler    Page 4 


  101 00000078 00000000        DCD              DMA1_Stream3_IRQHandler ; DMA1 
                                                            Stream 3           
                                                                               
                                                                 
  102 0000007C 00000000        DCD              DMA1_Stream4_IRQHandler ; DMA1 
                                                            Stream 4           
                                                                               
                                                                 
  103 00000080 00000000        DCD              DMA1_Stream5_IRQHandler ; DMA1 
                                                            Stream 5           
                                                                               
                                                                 
  104 00000084 00000000        DCD              DMA1_Stream6_IRQHandler ; DMA1 
                                                            Stream 6           
                                                                               
                                                                 
  105 00000088 00000000        DCD              ADC_IRQHandler ; ADC1, ADC2 and
                                                             ADC3s             
                                                                           
  106 0000008C 00000000        DCD              CAN1_TX_IRQHandler ; CAN1 TX   
                                                                               
                                                                               
                                                                   
  107 00000090 00000000        DCD              CAN1_RX0_IRQHandler ; CAN1 RX0 
                                                                               
                                                                               
                                                                    
  108 00000094 00000000        DCD              CAN1_RX1_IRQHandler ; CAN1 RX1 
                                                                               
                                                                               
                                                                    
  109 00000098 00000000        DCD              CAN1_SCE_IRQHandler ; CAN1 SCE 
                                                                               
                                                                               
                                                                    
  110 0000009C 00000000        DCD              EXTI9_5_IRQHandler ; External L
                                                            ine[9:5]s          
                                                                               
                                                                   
  111 000000A0 00000000        DCD              TIM1_BRK_TIM9_IRQHandler ; TIM1
                                                             Break and TIM9    
                                                                           
  112 000000A4 00000000        DCD              TIM1_UP_TIM10_IRQHandler ; TIM1
                                                             Update and TIM10  
                                                                           
  113 000000A8 00000000        DCD              TIM1_TRG_COM_TIM11_IRQHandler ;
                                                             TIM1 Trigger and C
                                                            ommutation and TIM1
                                                            1
  114 000000AC 00000000        DCD              TIM1_CC_IRQHandler ; TIM1 Captu
                                                            re Compare         
                                                                               
                                                                   
  115 000000B0 00000000        DCD              TIM2_IRQHandler ; TIM2         
                                                                               
                                                                            
  116 000000B4 00000000        DCD              TIM3_IRQHandler ; TIM3         
                                                                               
                                                                            



ARM Macro Assembler    Page 5 


  117 000000B8 00000000        DCD              TIM4_IRQHandler ; TIM4         
                                                                               
                                                                            
  118 000000BC 00000000        DCD              I2C1_EV_IRQHandler ; I2C1 Event
                                                                               
                                                                               
                                                                   
  119 000000C0 00000000        DCD              I2C1_ER_IRQHandler ; I2C1 Error
                                                                               
                                                                               
                                                                   
  120 000000C4 00000000        DCD              I2C2_EV_IRQHandler ; I2C2 Event
                                                                               
                                                                               
                                                                   
  121 000000C8 00000000        DCD              I2C2_ER_IRQHandler ; I2C2 Error
                                                                               
                                                                               
                                                                     
  122 000000CC 00000000        DCD              SPI1_IRQHandler ; SPI1         
                                                                               
                                                                            
  123 000000D0 00000000        DCD              SPI2_IRQHandler ; SPI2         
                                                                               
                                                                            
  124 000000D4 00000000        DCD              USART1_IRQHandler ; USART1     
                                                                               
                                                                              
  125 000000D8 00000000        DCD              USART2_IRQHandler ; USART2     
                                                                               
                                                                              
  126 000000DC 00000000        DCD              USART3_IRQHandler ; USART3     
                                                                               
                                                                              
  127 000000E0 00000000        DCD              EXTI15_10_IRQHandler ; External
                                                             Line[15:10]s      
                                                                               
                                                                     
  128 000000E4 00000000        DCD              RTC_Alarm_IRQHandler ; RTC Alar
                                                            m (A and B) through
                                                             EXTI Line         
                                                                     
  129 000000E8 00000000        DCD              OTG_FS_WKUP_IRQHandler ; USB OT
                                                            G FS Wakeup through
                                                             EXTI line         
                                                                           
  130 000000EC 00000000        DCD              TIM8_BRK_TIM12_IRQHandler ; TIM
                                                            8 Break and TIM12  
                                                                            
  131 000000F0 00000000        DCD              TIM8_UP_TIM13_IRQHandler ; TIM8
                                                             Update and TIM13  
                                                                           
  132 000000F4 00000000        DCD              TIM8_TRG_COM_TIM14_IRQHandler ;
                                                             TIM8 Trigger and C
                                                            ommutation and TIM1
                                                            4
  133 000000F8 00000000        DCD              TIM8_CC_IRQHandler ; TIM8 Captu
                                                            re Compare         
                                                                               



ARM Macro Assembler    Page 6 


                                                                   
  134 000000FC 00000000        DCD              DMA1_Stream7_IRQHandler ; DMA1 
                                                            Stream7            
                                                                               
                                                                        
  135 00000100 00000000        DCD              FSMC_IRQHandler ; FSMC         
                                                                               
                                                                            
  136 00000104 00000000        DCD              SDIO_IRQHandler ; SDIO         
                                                                               
                                                                            
  137 00000108 00000000        DCD              TIM5_IRQHandler ; TIM5         
                                                                               
                                                                            
  138 0000010C 00000000        DCD              SPI3_IRQHandler ; SPI3         
                                                                               
                                                                            
  139 00000110 00000000        DCD              UART4_IRQHandler ; UART4       
                                                                               
                                                                             
  140 00000114 00000000        DCD              UART5_IRQHandler ; UART5       
                                                                               
                                                                             
  141 00000118 00000000        DCD              TIM6_DAC_IRQHandler ; TIM6 and 
                                                            DAC1&2 underrun err
                                                            ors                
                                                               
  142 0000011C 00000000        DCD              TIM7_IRQHandler ; TIM7         
                                                                      
  143 00000120 00000000        DCD              DMA2_Stream0_IRQHandler ; DMA2 
                                                            Stream 0           
                                                                               
                                                                 
  144 00000124 00000000        DCD              DMA2_Stream1_IRQHandler ; DMA2 
                                                            Stream 1           
                                                                               
                                                                 
  145 00000128 00000000        DCD              DMA2_Stream2_IRQHandler ; DMA2 
                                                            Stream 2           
                                                                               
                                                                 
  146 0000012C 00000000        DCD              DMA2_Stream3_IRQHandler ; DMA2 
                                                            Stream 3           
                                                                               
                                                                 
  147 00000130 00000000        DCD              DMA2_Stream4_IRQHandler ; DMA2 
                                                            Stream 4           
                                                                               
                                                                 
  148 00000134 00000000        DCD              ETH_IRQHandler ; Ethernet      
                                                                               
                                                                           
  149 00000138 00000000        DCD              ETH_WKUP_IRQHandler ; Ethernet 
                                                            Wakeup through EXTI
                                                             line              
                                                                    
  150 0000013C 00000000        DCD              CAN2_TX_IRQHandler ; CAN2 TX   
                                                                               
                                                                               



ARM Macro Assembler    Page 7 


                                                                   
  151 00000140 00000000        DCD              CAN2_RX0_IRQHandler ; CAN2 RX0 
                                                                               
                                                                               
                                                                    
  152 00000144 00000000        DCD              CAN2_RX1_IRQHandler ; CAN2 RX1 
                                                                               
                                                                               
                                                                    
  153 00000148 00000000        DCD              CAN2_SCE_IRQHandler ; CAN2 SCE 
                                                                               
                                                                               
                                                                    
  154 0000014C 00000000        DCD              OTG_FS_IRQHandler ; USB OTG FS 
                                                                               
                                                                              
  155 00000150 00000000        DCD              DMA2_Stream5_IRQHandler ; DMA2 
                                                            Stream 5           
                                                                               
                                                                 
  156 00000154 00000000        DCD              DMA2_Stream6_IRQHandler ; DMA2 
                                                            Stream 6           
                                                                               
                                                                 
  157 00000158 00000000        DCD              DMA2_Stream7_IRQHandler ; DMA2 
                                                            Stream 7           
                                                                               
                                                                 
  158 0000015C 00000000        DCD              USART6_IRQHandler ; USART6     
                                                                               
                                                                               
                                                            
  159 00000160 00000000        DCD              I2C3_EV_IRQHandler ; I2C3 event
                                                                               
                                                                               
                                                                   
  160 00000164 00000000        DCD              I2C3_ER_IRQHandler ; I2C3 error
                                                                               
                                                                               
                                                                   
  161 00000168 00000000        DCD              OTG_HS_EP1_OUT_IRQHandler ; USB
                                                             OTG HS End Point 1
                                                             Out               
                                                                   
  162 0000016C 00000000        DCD              OTG_HS_EP1_IN_IRQHandler ; USB 
                                                            OTG HS End Point 1 
                                                            In                 
                                                                  
  163 00000170 00000000        DCD              OTG_HS_WKUP_IRQHandler ; USB OT
                                                            G HS Wakeup through
                                                             EXTI              
                                                                       
  164 00000174 00000000        DCD              OTG_HS_IRQHandler ; USB OTG HS 
                                                                               
                                                                              
  165 00000178 00000000        DCD              DCMI_IRQHandler ; DCMI         
                                                                               
                                                                            
  166 0000017C 00000000        DCD              CRYP_IRQHandler ; CRYP crypto  



ARM Macro Assembler    Page 8 


                                                                               
                                                                            
  167 00000180 00000000        DCD              HASH_RNG_IRQHandler 
                                                            ; Hash and Rng
  168 00000184 00000000        DCD              FPU_IRQHandler ; FPU
  169 00000188         
  170 00000188         __Vectors_End
  171 00000188         
  172 00000188 00000188 
                       __Vectors_Size
                               EQU              __Vectors_End - __Vectors
  173 00000188         
  174 00000188                 AREA             |.text|, CODE, READONLY
  175 00000000         
  176 00000000         ; Reset handler
  177 00000000         Reset_Handler
                               PROC
  178 00000000                 EXPORT           Reset_Handler             [WEAK
]
  179 00000000         ;IMPORT  SystemInit
  180 00000000         ;IMPORT  __main
  181 00000000                 IMPORT           myfunction
  182 00000000         ;LDR     R0, =SystemInit
  183 00000000         ;BLX     R0
  184 00000000         ;LDR     R0, =__main
  185 00000000         
  186 00000000         ;Testing
  187 00000000         ;MOV R1, #25
  188 00000000         ;MOV R2, #75
  189 00000000         ;ADD R1, R2, R1
  190 00000000         
  191 00000000         ;Branch to myfunction
  192 00000000 4808            LDR              R0, =myfunction
  193 00000002 4700            BX               R0
  194 00000004         
  195 00000004         
  196 00000004                 ENDP
  197 00000004         
  198 00000004         ; Dummy Exception Handlers (infinite loops which can be 
                       modified)
  199 00000004         
  200 00000004         NMI_Handler
                               PROC
  201 00000004                 EXPORT           NMI_Handler                [WEA
K]
  202 00000004 E7FE            B                .
  203 00000006                 ENDP
  205 00000006         HardFault_Handler
                               PROC
  206 00000006                 EXPORT           HardFault_Handler          [WEA
K]
  207 00000006 E7FE            B                .
  208 00000008                 ENDP
  210 00000008         MemManage_Handler
                               PROC
  211 00000008                 EXPORT           MemManage_Handler          [WEA
K]
  212 00000008 E7FE            B                .
  213 0000000A                 ENDP



ARM Macro Assembler    Page 9 


  215 0000000A         BusFault_Handler
                               PROC
  216 0000000A                 EXPORT           BusFault_Handler           [WEA
K]
  217 0000000A E7FE            B                .
  218 0000000C                 ENDP
  220 0000000C         UsageFault_Handler
                               PROC
  221 0000000C                 EXPORT           UsageFault_Handler         [WEA
K]
  222 0000000C E7FE            B                .
  223 0000000E                 ENDP
  224 0000000E         SVC_Handler
                               PROC
  225 0000000E                 EXPORT           SVC_Handler                [WEA
K]
  226 0000000E E7FE            B                .
  227 00000010                 ENDP
  229 00000010         DebugMon_Handler
                               PROC
  230 00000010                 EXPORT           DebugMon_Handler           [WEA
K]
  231 00000010 E7FE            B                .
  232 00000012                 ENDP
  233 00000012         PendSV_Handler
                               PROC
  234 00000012                 EXPORT           PendSV_Handler             [WEA
K]
  235 00000012 E7FE            B                .
  236 00000014                 ENDP
  237 00000014         SysTick_Handler
                               PROC
  238 00000014                 EXPORT           SysTick_Handler            [WEA
K]
  239 00000014 E7FE            B                .
  240 00000016                 ENDP
  241 00000016         
  242 00000016         Default_Handler
                               PROC
  243 00000016         
  244 00000016                 EXPORT           WWDG_IRQHandler                
   [WEAK]
  245 00000016                 EXPORT           PVD_IRQHandler                 
   [WEAK]
  246 00000016                 EXPORT           TAMP_STAMP_IRQHandler          
   [WEAK]
  247 00000016                 EXPORT           RTC_WKUP_IRQHandler            
   [WEAK]
  248 00000016                 EXPORT           FLASH_IRQHandler               
   [WEAK]
  249 00000016                 EXPORT           RCC_IRQHandler                 
   [WEAK]
  250 00000016                 EXPORT           EXTI0_IRQHandler               
   [WEAK]
  251 00000016                 EXPORT           EXTI1_IRQHandler               
   [WEAK]
  252 00000016                 EXPORT           EXTI2_IRQHandler               
   [WEAK]
  253 00000016                 EXPORT           EXTI3_IRQHandler               



ARM Macro Assembler    Page 10 


   [WEAK]
  254 00000016                 EXPORT           EXTI4_IRQHandler               
   [WEAK]
  255 00000016                 EXPORT           DMA1_Stream0_IRQHandler        
   [WEAK]
  256 00000016                 EXPORT           DMA1_Stream1_IRQHandler        
   [WEAK]
  257 00000016                 EXPORT           DMA1_Stream2_IRQHandler        
   [WEAK]
  258 00000016                 EXPORT           DMA1_Stream3_IRQHandler        
   [WEAK]
  259 00000016                 EXPORT           DMA1_Stream4_IRQHandler        
   [WEAK]
  260 00000016                 EXPORT           DMA1_Stream5_IRQHandler        
   [WEAK]
  261 00000016                 EXPORT           DMA1_Stream6_IRQHandler        
   [WEAK]
  262 00000016                 EXPORT           ADC_IRQHandler                 
   [WEAK]
  263 00000016                 EXPORT           CAN1_TX_IRQHandler             
   [WEAK]
  264 00000016                 EXPORT           CAN1_RX0_IRQHandler            
   [WEAK]
  265 00000016                 EXPORT           CAN1_RX1_IRQHandler            
   [WEAK]
  266 00000016                 EXPORT           CAN1_SCE_IRQHandler            
   [WEAK]
  267 00000016                 EXPORT           EXTI9_5_IRQHandler             
   [WEAK]
  268 00000016                 EXPORT           TIM1_BRK_TIM9_IRQHandler       
   [WEAK]
  269 00000016                 EXPORT           TIM1_UP_TIM10_IRQHandler       
   [WEAK]
  270 00000016                 EXPORT           TIM1_TRG_COM_TIM11_IRQHandler  
   [WEAK]
  271 00000016                 EXPORT           TIM1_CC_IRQHandler             
   [WEAK]
  272 00000016                 EXPORT           TIM2_IRQHandler                
   [WEAK]
  273 00000016                 EXPORT           TIM3_IRQHandler                
   [WEAK]
  274 00000016                 EXPORT           TIM4_IRQHandler                
   [WEAK]
  275 00000016                 EXPORT           I2C1_EV_IRQHandler             
   [WEAK]
  276 00000016                 EXPORT           I2C1_ER_IRQHandler             
   [WEAK]
  277 00000016                 EXPORT           I2C2_EV_IRQHandler             
   [WEAK]
  278 00000016                 EXPORT           I2C2_ER_IRQHandler             
   [WEAK]
  279 00000016                 EXPORT           SPI1_IRQHandler                
   [WEAK]
  280 00000016                 EXPORT           SPI2_IRQHandler                
   [WEAK]
  281 00000016                 EXPORT           USART1_IRQHandler              
   [WEAK]
  282 00000016                 EXPORT           USART2_IRQHandler              
   [WEAK]



ARM Macro Assembler    Page 11 


  283 00000016                 EXPORT           USART3_IRQHandler              
   [WEAK]
  284 00000016                 EXPORT           EXTI15_10_IRQHandler           
   [WEAK]
  285 00000016                 EXPORT           RTC_Alarm_IRQHandler           
   [WEAK]
  286 00000016                 EXPORT           OTG_FS_WKUP_IRQHandler         
   [WEAK]
  287 00000016                 EXPORT           TIM8_BRK_TIM12_IRQHandler      
   [WEAK]
  288 00000016                 EXPORT           TIM8_UP_TIM13_IRQHandler       
   [WEAK]
  289 00000016                 EXPORT           TIM8_TRG_COM_TIM14_IRQHandler  
   [WEAK]
  290 00000016                 EXPORT           TIM8_CC_IRQHandler             
   [WEAK]
  291 00000016                 EXPORT           DMA1_Stream7_IRQHandler        
   [WEAK]
  292 00000016                 EXPORT           FSMC_IRQHandler                
   [WEAK]
  293 00000016                 EXPORT           SDIO_IRQHandler                
   [WEAK]
  294 00000016                 EXPORT           TIM5_IRQHandler                
   [WEAK]
  295 00000016                 EXPORT           SPI3_IRQHandler                
   [WEAK]
  296 00000016                 EXPORT           UART4_IRQHandler               
   [WEAK]
  297 00000016                 EXPORT           UART5_IRQHandler               
   [WEAK]
  298 00000016                 EXPORT           TIM6_DAC_IRQHandler            
   [WEAK]
  299 00000016                 EXPORT           TIM7_IRQHandler                
   [WEAK]
  300 00000016                 EXPORT           DMA2_Stream0_IRQHandler        
   [WEAK]
  301 00000016                 EXPORT           DMA2_Stream1_IRQHandler        
   [WEAK]
  302 00000016                 EXPORT           DMA2_Stream2_IRQHandler        
   [WEAK]
  303 00000016                 EXPORT           DMA2_Stream3_IRQHandler        
   [WEAK]
  304 00000016                 EXPORT           DMA2_Stream4_IRQHandler        
   [WEAK]
  305 00000016                 EXPORT           ETH_IRQHandler                 
   [WEAK]
  306 00000016                 EXPORT           ETH_WKUP_IRQHandler            
   [WEAK]
  307 00000016                 EXPORT           CAN2_TX_IRQHandler             
   [WEAK]
  308 00000016                 EXPORT           CAN2_RX0_IRQHandler            
   [WEAK]
  309 00000016                 EXPORT           CAN2_RX1_IRQHandler            
   [WEAK]
  310 00000016                 EXPORT           CAN2_SCE_IRQHandler            
   [WEAK]
  311 00000016                 EXPORT           OTG_FS_IRQHandler              
   [WEAK]
  312 00000016                 EXPORT           DMA2_Stream5_IRQHandler        



ARM Macro Assembler    Page 12 


   [WEAK]
  313 00000016                 EXPORT           DMA2_Stream6_IRQHandler        
   [WEAK]
  314 00000016                 EXPORT           DMA2_Stream7_IRQHandler        
   [WEAK]
  315 00000016                 EXPORT           USART6_IRQHandler              
   [WEAK]
  316 00000016                 EXPORT           I2C3_EV_IRQHandler             
   [WEAK]
  317 00000016                 EXPORT           I2C3_ER_IRQHandler             
   [WEAK]
  318 00000016                 EXPORT           OTG_HS_EP1_OUT_IRQHandler      
   [WEAK]
  319 00000016                 EXPORT           OTG_HS_EP1_IN_IRQHandler       
   [WEAK]
  320 00000016                 EXPORT           OTG_HS_WKUP_IRQHandler         
   [WEAK]
  321 00000016                 EXPORT           OTG_HS_IRQHandler              
   [WEAK]
  322 00000016                 EXPORT           DCMI_IRQHandler                
   [WEAK]
  323 00000016                 EXPORT           CRYP_IRQHandler                
   [WEAK]
  324 00000016                 EXPORT           HASH_RNG_IRQHandler            
   [WEAK]
  325 00000016                 EXPORT           FPU_IRQHandler                 
   [WEAK]
  326 00000016         
  327 00000016         WWDG_IRQHandler
  328 00000016         PVD_IRQHandler
  329 00000016         TAMP_STAMP_IRQHandler
  330 00000016         RTC_WKUP_IRQHandler
  331 00000016         FLASH_IRQHandler
  332 00000016         RCC_IRQHandler
  333 00000016         EXTI0_IRQHandler
  334 00000016         EXTI1_IRQHandler
  335 00000016         EXTI2_IRQHandler
  336 00000016         EXTI3_IRQHandler
  337 00000016         EXTI4_IRQHandler
  338 00000016         DMA1_Stream0_IRQHandler
  339 00000016         DMA1_Stream1_IRQHandler
  340 00000016         DMA1_Stream2_IRQHandler
  341 00000016         DMA1_Stream3_IRQHandler
  342 00000016         DMA1_Stream4_IRQHandler
  343 00000016         DMA1_Stream5_IRQHandler
  344 00000016         DMA1_Stream6_IRQHandler
  345 00000016         ADC_IRQHandler
  346 00000016         CAN1_TX_IRQHandler
  347 00000016         CAN1_RX0_IRQHandler
  348 00000016         CAN1_RX1_IRQHandler
  349 00000016         CAN1_SCE_IRQHandler
  350 00000016         EXTI9_5_IRQHandler
  351 00000016         TIM1_BRK_TIM9_IRQHandler
  352 00000016         TIM1_UP_TIM10_IRQHandler
  353 00000016         TIM1_TRG_COM_TIM11_IRQHandler
  354 00000016         TIM1_CC_IRQHandler
  355 00000016         TIM2_IRQHandler
  356 00000016         TIM3_IRQHandler
  357 00000016         TIM4_IRQHandler



ARM Macro Assembler    Page 13 


  358 00000016         I2C1_EV_IRQHandler
  359 00000016         I2C1_ER_IRQHandler
  360 00000016         I2C2_EV_IRQHandler
  361 00000016         I2C2_ER_IRQHandler
  362 00000016         SPI1_IRQHandler
  363 00000016         SPI2_IRQHandler
  364 00000016         USART1_IRQHandler
  365 00000016         USART2_IRQHandler
  366 00000016         USART3_IRQHandler
  367 00000016         EXTI15_10_IRQHandler
  368 00000016         RTC_Alarm_IRQHandler
  369 00000016         OTG_FS_WKUP_IRQHandler
  370 00000016         TIM8_BRK_TIM12_IRQHandler
  371 00000016         TIM8_UP_TIM13_IRQHandler
  372 00000016         TIM8_TRG_COM_TIM14_IRQHandler
  373 00000016         TIM8_CC_IRQHandler
  374 00000016         DMA1_Stream7_IRQHandler
  375 00000016         FSMC_IRQHandler
  376 00000016         SDIO_IRQHandler
  377 00000016         TIM5_IRQHandler
  378 00000016         SPI3_IRQHandler
  379 00000016         UART4_IRQHandler
  380 00000016         UART5_IRQHandler
  381 00000016         TIM6_DAC_IRQHandler
  382 00000016         TIM7_IRQHandler
  383 00000016         DMA2_Stream0_IRQHandler
  384 00000016         DMA2_Stream1_IRQHandler
  385 00000016         DMA2_Stream2_IRQHandler
  386 00000016         DMA2_Stream3_IRQHandler
  387 00000016         DMA2_Stream4_IRQHandler
  388 00000016         ETH_IRQHandler
  389 00000016         ETH_WKUP_IRQHandler
  390 00000016         CAN2_TX_IRQHandler
  391 00000016         CAN2_RX0_IRQHandler
  392 00000016         CAN2_RX1_IRQHandler
  393 00000016         CAN2_SCE_IRQHandler
  394 00000016         OTG_FS_IRQHandler
  395 00000016         DMA2_Stream5_IRQHandler
  396 00000016         DMA2_Stream6_IRQHandler
  397 00000016         DMA2_Stream7_IRQHandler
  398 00000016         USART6_IRQHandler
  399 00000016         I2C3_EV_IRQHandler
  400 00000016         I2C3_ER_IRQHandler
  401 00000016         OTG_HS_EP1_OUT_IRQHandler
  402 00000016         OTG_HS_EP1_IN_IRQHandler
  403 00000016         OTG_HS_WKUP_IRQHandler
  404 00000016         OTG_HS_IRQHandler
  405 00000016         DCMI_IRQHandler
  406 00000016         CRYP_IRQHandler
  407 00000016         HASH_RNG_IRQHandler
  408 00000016         FPU_IRQHandler
  409 00000016         
  410 00000016 E7FE            B                .
  411 00000018         
  412 00000018                 ENDP
  413 00000018         
  414 00000018                 ALIGN
  415 00000018         
  416 00000018         ;*******************************************************



ARM Macro Assembler    Page 14 


                       ************************
  417 00000018         ; User Stack and Heap initialization
  418 00000018         ;*******************************************************
                       ************************
  419 00000018                 IF               :DEF:__MICROLIB
  426 00000018         
  427 00000018                 IMPORT           __use_two_region_memory
  428 00000018                 EXPORT           __user_initial_stackheap
  429 00000018         
  430 00000018         __user_initial_stackheap
  431 00000018         
  432 00000018 4803            LDR              R0, =  Heap_Mem
  433 0000001A 4904            LDR              R1, =(Stack_Mem + Stack_Size)
  434 0000001C 4A04            LDR              R2, = (Heap_Mem +  Heap_Size)
  435 0000001E 4B05            LDR              R3, = Stack_Mem
  436 00000020 4770            BX               LR
  437 00000022         
  438 00000022 00 00           ALIGN
  439 00000024         
  440 00000024                 ENDIF
  441 00000024         
  442 00000024                 END
              00000000 
              00000000 
              00000400 
              00000200 
              00000000 
Command Line: --debug --xref --cpu=Cortex-M4.fp --apcs=interwork --depend=.\obj
ects\startup_stm32f40_41xxx.d -o.\objects\startup_stm32f40_41xxx.o -I"C:\Users\
Ryan\Dropbox\ECSE 426\Lab 1\RTE" -I"C:\Users\Ryan\Dropbox\ECSE 426\Lab 1\RTE\De
vice\STM32F407VG" -IC:\Keil\ARM\PACK\ARM\CMSIS\4.2.0\CMSIS\Include -IC:\Keil\AR
M\PACK\Keil\STM32F4xx_DFP\1.0.8\Device\Include --predefine="__EVAL SETA 1" --pr
edefine="__UVISION_VERSION SETA 513" --predefine="_RTE_ SETA 1" --predefine="ST
M32F40_41xxx SETA 1" --list=.\listings\startup_stm32f40_41xxx.lst RTE\Device\ST
M32F407VG\startup_stm32f40_41xxx.s



ARM Macro Assembler    Page 1 Alphabetic symbol ordering
Relocatable symbols

STACK 00000000

Symbol: STACK
   Definitions
      At line 43 in file RTE\Device\STM32F407VG\startup_stm32f40_41xxx.s
   Uses
      None
Comment: STACK unused
Stack_Mem 00000000

Symbol: Stack_Mem
   Definitions
      At line 44 in file RTE\Device\STM32F407VG\startup_stm32f40_41xxx.s
   Uses
      At line 433 in file RTE\Device\STM32F407VG\startup_stm32f40_41xxx.s
      At line 435 in file RTE\Device\STM32F407VG\startup_stm32f40_41xxx.s

__initial_sp 00000400

Symbol: __initial_sp
   Definitions
      At line 45 in file RTE\Device\STM32F407VG\startup_stm32f40_41xxx.s
   Uses
      At line 69 in file RTE\Device\STM32F407VG\startup_stm32f40_41xxx.s
Comment: __initial_sp used once
3 symbols



ARM Macro Assembler    Page 1 Alphabetic symbol ordering
Relocatable symbols

HEAP 00000000

Symbol: HEAP
   Definitions
      At line 54 in file RTE\Device\STM32F407VG\startup_stm32f40_41xxx.s
   Uses
      None
Comment: HEAP unused
Heap_Mem 00000000

Symbol: Heap_Mem
   Definitions
      At line 56 in file RTE\Device\STM32F407VG\startup_stm32f40_41xxx.s
   Uses
      At line 432 in file RTE\Device\STM32F407VG\startup_stm32f40_41xxx.s
      At line 434 in file RTE\Device\STM32F407VG\startup_stm32f40_41xxx.s

__heap_base 00000000

Symbol: __heap_base
   Definitions
      At line 55 in file RTE\Device\STM32F407VG\startup_stm32f40_41xxx.s
   Uses
      None
Comment: __heap_base unused
__heap_limit 00000200

Symbol: __heap_limit
   Definitions
      At line 57 in file RTE\Device\STM32F407VG\startup_stm32f40_41xxx.s
   Uses
      None
Comment: __heap_limit unused
4 symbols



ARM Macro Assembler    Page 1 Alphabetic symbol ordering
Relocatable symbols

RESET 00000000

Symbol: RESET
   Definitions
      At line 64 in file RTE\Device\STM32F407VG\startup_stm32f40_41xxx.s
   Uses
      None
Comment: RESET unused
__Vectors 00000000

Symbol: __Vectors
   Definitions
      At line 69 in file RTE\Device\STM32F407VG\startup_stm32f40_41xxx.s
   Uses
      At line 65 in file RTE\Device\STM32F407VG\startup_stm32f40_41xxx.s
      At line 172 in file RTE\Device\STM32F407VG\startup_stm32f40_41xxx.s

__Vectors_End 00000188

Symbol: __Vectors_End
   Definitions
      At line 170 in file RTE\Device\STM32F407VG\startup_stm32f40_41xxx.s
   Uses
      At line 66 in file RTE\Device\STM32F407VG\startup_stm32f40_41xxx.s
      At line 172 in file RTE\Device\STM32F407VG\startup_stm32f40_41xxx.s

3 symbols



ARM Macro Assembler    Page 1 Alphabetic symbol ordering
Relocatable symbols

.text 00000000

Symbol: .text
   Definitions
      At line 174 in file RTE\Device\STM32F407VG\startup_stm32f40_41xxx.s
   Uses
      None
Comment: .text unused
ADC_IRQHandler 00000016

Symbol: ADC_IRQHandler
   Definitions
      At line 345 in file RTE\Device\STM32F407VG\startup_stm32f40_41xxx.s
   Uses
      At line 105 in file RTE\Device\STM32F407VG\startup_stm32f40_41xxx.s
      At line 262 in file RTE\Device\STM32F407VG\startup_stm32f40_41xxx.s

BusFault_Handler 0000000A

Symbol: BusFault_Handler
   Definitions
      At line 215 in file RTE\Device\STM32F407VG\startup_stm32f40_41xxx.s
   Uses
      At line 74 in file RTE\Device\STM32F407VG\startup_stm32f40_41xxx.s
      At line 216 in file RTE\Device\STM32F407VG\startup_stm32f40_41xxx.s

CAN1_RX0_IRQHandler 00000016

Symbol: CAN1_RX0_IRQHandler
   Definitions
      At line 347 in file RTE\Device\STM32F407VG\startup_stm32f40_41xxx.s
   Uses
      At line 107 in file RTE\Device\STM32F407VG\startup_stm32f40_41xxx.s
      At line 264 in file RTE\Device\STM32F407VG\startup_stm32f40_41xxx.s

CAN1_RX1_IRQHandler 00000016

Symbol: CAN1_RX1_IRQHandler
   Definitions
      At line 348 in file RTE\Device\STM32F407VG\startup_stm32f40_41xxx.s
   Uses
      At line 108 in file RTE\Device\STM32F407VG\startup_stm32f40_41xxx.s
      At line 265 in file RTE\Device\STM32F407VG\startup_stm32f40_41xxx.s

CAN1_SCE_IRQHandler 00000016

Symbol: CAN1_SCE_IRQHandler
   Definitions
      At line 349 in file RTE\Device\STM32F407VG\startup_stm32f40_41xxx.s
   Uses
      At line 109 in file RTE\Device\STM32F407VG\startup_stm32f40_41xxx.s
      At line 266 in file RTE\Device\STM32F407VG\startup_stm32f40_41xxx.s

CAN1_TX_IRQHandler 00000016

Symbol: CAN1_TX_IRQHandler
   Definitions
      At line 346 in file RTE\Device\STM32F407VG\startup_stm32f40_41xxx.s
   Uses



ARM Macro Assembler    Page 2 Alphabetic symbol ordering
Relocatable symbols

      At line 106 in file RTE\Device\STM32F407VG\startup_stm32f40_41xxx.s
      At line 263 in file RTE\Device\STM32F407VG\startup_stm32f40_41xxx.s

CAN2_RX0_IRQHandler 00000016

Symbol: CAN2_RX0_IRQHandler
   Definitions
      At line 391 in file RTE\Device\STM32F407VG\startup_stm32f40_41xxx.s
   Uses
      At line 151 in file RTE\Device\STM32F407VG\startup_stm32f40_41xxx.s
      At line 308 in file RTE\Device\STM32F407VG\startup_stm32f40_41xxx.s

CAN2_RX1_IRQHandler 00000016

Symbol: CAN2_RX1_IRQHandler
   Definitions
      At line 392 in file RTE\Device\STM32F407VG\startup_stm32f40_41xxx.s
   Uses
      At line 152 in file RTE\Device\STM32F407VG\startup_stm32f40_41xxx.s
      At line 309 in file RTE\Device\STM32F407VG\startup_stm32f40_41xxx.s

CAN2_SCE_IRQHandler 00000016

Symbol: CAN2_SCE_IRQHandler
   Definitions
      At line 393 in file RTE\Device\STM32F407VG\startup_stm32f40_41xxx.s
   Uses
      At line 153 in file RTE\Device\STM32F407VG\startup_stm32f40_41xxx.s
      At line 310 in file RTE\Device\STM32F407VG\startup_stm32f40_41xxx.s

CAN2_TX_IRQHandler 00000016

Symbol: CAN2_TX_IRQHandler
   Definitions
      At line 390 in file RTE\Device\STM32F407VG\startup_stm32f40_41xxx.s
   Uses
      At line 150 in file RTE\Device\STM32F407VG\startup_stm32f40_41xxx.s
      At line 307 in file RTE\Device\STM32F407VG\startup_stm32f40_41xxx.s

CRYP_IRQHandler 00000016

Symbol: CRYP_IRQHandler
   Definitions
      At line 406 in file RTE\Device\STM32F407VG\startup_stm32f40_41xxx.s
   Uses
      At line 166 in file RTE\Device\STM32F407VG\startup_stm32f40_41xxx.s
      At line 323 in file RTE\Device\STM32F407VG\startup_stm32f40_41xxx.s

DCMI_IRQHandler 00000016

Symbol: DCMI_IRQHandler
   Definitions
      At line 405 in file RTE\Device\STM32F407VG\startup_stm32f40_41xxx.s
   Uses
      At line 165 in file RTE\Device\STM32F407VG\startup_stm32f40_41xxx.s
      At line 322 in file RTE\Device\STM32F407VG\startup_stm32f40_41xxx.s

DMA1_Stream0_IRQHandler 00000016




ARM Macro Assembler    Page 3 Alphabetic symbol ordering
Relocatable symbols

Symbol: DMA1_Stream0_IRQHandler
   Definitions
      At line 338 in file RTE\Device\STM32F407VG\startup_stm32f40_41xxx.s
   Uses
      At line 98 in file RTE\Device\STM32F407VG\startup_stm32f40_41xxx.s
      At line 255 in file RTE\Device\STM32F407VG\startup_stm32f40_41xxx.s

DMA1_Stream1_IRQHandler 00000016

Symbol: DMA1_Stream1_IRQHandler
   Definitions
      At line 339 in file RTE\Device\STM32F407VG\startup_stm32f40_41xxx.s
   Uses
      At line 99 in file RTE\Device\STM32F407VG\startup_stm32f40_41xxx.s
      At line 256 in file RTE\Device\STM32F407VG\startup_stm32f40_41xxx.s

DMA1_Stream2_IRQHandler 00000016

Symbol: DMA1_Stream2_IRQHandler
   Definitions
      At line 340 in file RTE\Device\STM32F407VG\startup_stm32f40_41xxx.s
   Uses
      At line 100 in file RTE\Device\STM32F407VG\startup_stm32f40_41xxx.s
      At line 257 in file RTE\Device\STM32F407VG\startup_stm32f40_41xxx.s

DMA1_Stream3_IRQHandler 00000016

Symbol: DMA1_Stream3_IRQHandler
   Definitions
      At line 341 in file RTE\Device\STM32F407VG\startup_stm32f40_41xxx.s
   Uses
      At line 101 in file RTE\Device\STM32F407VG\startup_stm32f40_41xxx.s
      At line 258 in file RTE\Device\STM32F407VG\startup_stm32f40_41xxx.s

DMA1_Stream4_IRQHandler 00000016

Symbol: DMA1_Stream4_IRQHandler
   Definitions
      At line 342 in file RTE\Device\STM32F407VG\startup_stm32f40_41xxx.s
   Uses
      At line 102 in file RTE\Device\STM32F407VG\startup_stm32f40_41xxx.s
      At line 259 in file RTE\Device\STM32F407VG\startup_stm32f40_41xxx.s

DMA1_Stream5_IRQHandler 00000016

Symbol: DMA1_Stream5_IRQHandler
   Definitions
      At line 343 in file RTE\Device\STM32F407VG\startup_stm32f40_41xxx.s
   Uses
      At line 103 in file RTE\Device\STM32F407VG\startup_stm32f40_41xxx.s
      At line 260 in file RTE\Device\STM32F407VG\startup_stm32f40_41xxx.s

DMA1_Stream6_IRQHandler 00000016

Symbol: DMA1_Stream6_IRQHandler
   Definitions
      At line 344 in file RTE\Device\STM32F407VG\startup_stm32f40_41xxx.s
   Uses
      At line 104 in file RTE\Device\STM32F407VG\startup_stm32f40_41xxx.s



ARM Macro Assembler    Page 4 Alphabetic symbol ordering
Relocatable symbols

      At line 261 in file RTE\Device\STM32F407VG\startup_stm32f40_41xxx.s

DMA1_Stream7_IRQHandler 00000016

Symbol: DMA1_Stream7_IRQHandler
   Definitions
      At line 374 in file RTE\Device\STM32F407VG\startup_stm32f40_41xxx.s
   Uses
      At line 134 in file RTE\Device\STM32F407VG\startup_stm32f40_41xxx.s
      At line 291 in file RTE\Device\STM32F407VG\startup_stm32f40_41xxx.s

DMA2_Stream0_IRQHandler 00000016

Symbol: DMA2_Stream0_IRQHandler
   Definitions
      At line 383 in file RTE\Device\STM32F407VG\startup_stm32f40_41xxx.s
   Uses
      At line 143 in file RTE\Device\STM32F407VG\startup_stm32f40_41xxx.s
      At line 300 in file RTE\Device\STM32F407VG\startup_stm32f40_41xxx.s

DMA2_Stream1_IRQHandler 00000016

Symbol: DMA2_Stream1_IRQHandler
   Definitions
      At line 384 in file RTE\Device\STM32F407VG\startup_stm32f40_41xxx.s
   Uses
      At line 144 in file RTE\Device\STM32F407VG\startup_stm32f40_41xxx.s
      At line 301 in file RTE\Device\STM32F407VG\startup_stm32f40_41xxx.s

DMA2_Stream2_IRQHandler 00000016

Symbol: DMA2_Stream2_IRQHandler
   Definitions
      At line 385 in file RTE\Device\STM32F407VG\startup_stm32f40_41xxx.s
   Uses
      At line 145 in file RTE\Device\STM32F407VG\startup_stm32f40_41xxx.s
      At line 302 in file RTE\Device\STM32F407VG\startup_stm32f40_41xxx.s

DMA2_Stream3_IRQHandler 00000016

Symbol: DMA2_Stream3_IRQHandler
   Definitions
      At line 386 in file RTE\Device\STM32F407VG\startup_stm32f40_41xxx.s
   Uses
      At line 146 in file RTE\Device\STM32F407VG\startup_stm32f40_41xxx.s
      At line 303 in file RTE\Device\STM32F407VG\startup_stm32f40_41xxx.s

DMA2_Stream4_IRQHandler 00000016

Symbol: DMA2_Stream4_IRQHandler
   Definitions
      At line 387 in file RTE\Device\STM32F407VG\startup_stm32f40_41xxx.s
   Uses
      At line 147 in file RTE\Device\STM32F407VG\startup_stm32f40_41xxx.s
      At line 304 in file RTE\Device\STM32F407VG\startup_stm32f40_41xxx.s

DMA2_Stream5_IRQHandler 00000016

Symbol: DMA2_Stream5_IRQHandler



ARM Macro Assembler    Page 5 Alphabetic symbol ordering
Relocatable symbols

   Definitions
      At line 395 in file RTE\Device\STM32F407VG\startup_stm32f40_41xxx.s
   Uses
      At line 155 in file RTE\Device\STM32F407VG\startup_stm32f40_41xxx.s
      At line 312 in file RTE\Device\STM32F407VG\startup_stm32f40_41xxx.s

DMA2_Stream6_IRQHandler 00000016

Symbol: DMA2_Stream6_IRQHandler
   Definitions
      At line 396 in file RTE\Device\STM32F407VG\startup_stm32f40_41xxx.s
   Uses
      At line 156 in file RTE\Device\STM32F407VG\startup_stm32f40_41xxx.s
      At line 313 in file RTE\Device\STM32F407VG\startup_stm32f40_41xxx.s

DMA2_Stream7_IRQHandler 00000016

Symbol: DMA2_Stream7_IRQHandler
   Definitions
      At line 397 in file RTE\Device\STM32F407VG\startup_stm32f40_41xxx.s
   Uses
      At line 157 in file RTE\Device\STM32F407VG\startup_stm32f40_41xxx.s
      At line 314 in file RTE\Device\STM32F407VG\startup_stm32f40_41xxx.s

DebugMon_Handler 00000010

Symbol: DebugMon_Handler
   Definitions
      At line 229 in file RTE\Device\STM32F407VG\startup_stm32f40_41xxx.s
   Uses
      At line 81 in file RTE\Device\STM32F407VG\startup_stm32f40_41xxx.s
      At line 230 in file RTE\Device\STM32F407VG\startup_stm32f40_41xxx.s

Default_Handler 00000016

Symbol: Default_Handler
   Definitions
      At line 242 in file RTE\Device\STM32F407VG\startup_stm32f40_41xxx.s
   Uses
      None
Comment: Default_Handler unused
ETH_IRQHandler 00000016

Symbol: ETH_IRQHandler
   Definitions
      At line 388 in file RTE\Device\STM32F407VG\startup_stm32f40_41xxx.s
   Uses
      At line 148 in file RTE\Device\STM32F407VG\startup_stm32f40_41xxx.s
      At line 305 in file RTE\Device\STM32F407VG\startup_stm32f40_41xxx.s

ETH_WKUP_IRQHandler 00000016

Symbol: ETH_WKUP_IRQHandler
   Definitions
      At line 389 in file RTE\Device\STM32F407VG\startup_stm32f40_41xxx.s
   Uses
      At line 149 in file RTE\Device\STM32F407VG\startup_stm32f40_41xxx.s
      At line 306 in file RTE\Device\STM32F407VG\startup_stm32f40_41xxx.s




ARM Macro Assembler    Page 6 Alphabetic symbol ordering
Relocatable symbols

EXTI0_IRQHandler 00000016

Symbol: EXTI0_IRQHandler
   Definitions
      At line 333 in file RTE\Device\STM32F407VG\startup_stm32f40_41xxx.s
   Uses
      At line 93 in file RTE\Device\STM32F407VG\startup_stm32f40_41xxx.s
      At line 250 in file RTE\Device\STM32F407VG\startup_stm32f40_41xxx.s

EXTI15_10_IRQHandler 00000016

Symbol: EXTI15_10_IRQHandler
   Definitions
      At line 367 in file RTE\Device\STM32F407VG\startup_stm32f40_41xxx.s
   Uses
      At line 127 in file RTE\Device\STM32F407VG\startup_stm32f40_41xxx.s
      At line 284 in file RTE\Device\STM32F407VG\startup_stm32f40_41xxx.s

EXTI1_IRQHandler 00000016

Symbol: EXTI1_IRQHandler
   Definitions
      At line 334 in file RTE\Device\STM32F407VG\startup_stm32f40_41xxx.s
   Uses
      At line 94 in file RTE\Device\STM32F407VG\startup_stm32f40_41xxx.s
      At line 251 in file RTE\Device\STM32F407VG\startup_stm32f40_41xxx.s

EXTI2_IRQHandler 00000016

Symbol: EXTI2_IRQHandler
   Definitions
      At line 335 in file RTE\Device\STM32F407VG\startup_stm32f40_41xxx.s
   Uses
      At line 95 in file RTE\Device\STM32F407VG\startup_stm32f40_41xxx.s
      At line 252 in file RTE\Device\STM32F407VG\startup_stm32f40_41xxx.s

EXTI3_IRQHandler 00000016

Symbol: EXTI3_IRQHandler
   Definitions
      At line 336 in file RTE\Device\STM32F407VG\startup_stm32f40_41xxx.s
   Uses
      At line 96 in file RTE\Device\STM32F407VG\startup_stm32f40_41xxx.s
      At line 253 in file RTE\Device\STM32F407VG\startup_stm32f40_41xxx.s

EXTI4_IRQHandler 00000016

Symbol: EXTI4_IRQHandler
   Definitions
      At line 337 in file RTE\Device\STM32F407VG\startup_stm32f40_41xxx.s
   Uses
      At line 97 in file RTE\Device\STM32F407VG\startup_stm32f40_41xxx.s
      At line 254 in file RTE\Device\STM32F407VG\startup_stm32f40_41xxx.s

EXTI9_5_IRQHandler 00000016

Symbol: EXTI9_5_IRQHandler
   Definitions
      At line 350 in file RTE\Device\STM32F407VG\startup_stm32f40_41xxx.s



ARM Macro Assembler    Page 7 Alphabetic symbol ordering
Relocatable symbols

   Uses
      At line 110 in file RTE\Device\STM32F407VG\startup_stm32f40_41xxx.s
      At line 267 in file RTE\Device\STM32F407VG\startup_stm32f40_41xxx.s

FLASH_IRQHandler 00000016

Symbol: FLASH_IRQHandler
   Definitions
      At line 331 in file RTE\Device\STM32F407VG\startup_stm32f40_41xxx.s
   Uses
      At line 91 in file RTE\Device\STM32F407VG\startup_stm32f40_41xxx.s
      At line 248 in file RTE\Device\STM32F407VG\startup_stm32f40_41xxx.s

FPU_IRQHandler 00000016

Symbol: FPU_IRQHandler
   Definitions
      At line 408 in file RTE\Device\STM32F407VG\startup_stm32f40_41xxx.s
   Uses
      At line 168 in file RTE\Device\STM32F407VG\startup_stm32f40_41xxx.s
      At line 325 in file RTE\Device\STM32F407VG\startup_stm32f40_41xxx.s

FSMC_IRQHandler 00000016

Symbol: FSMC_IRQHandler
   Definitions
      At line 375 in file RTE\Device\STM32F407VG\startup_stm32f40_41xxx.s
   Uses
      At line 135 in file RTE\Device\STM32F407VG\startup_stm32f40_41xxx.s
      At line 292 in file RTE\Device\STM32F407VG\startup_stm32f40_41xxx.s

HASH_RNG_IRQHandler 00000016

Symbol: HASH_RNG_IRQHandler
   Definitions
      At line 407 in file RTE\Device\STM32F407VG\startup_stm32f40_41xxx.s
   Uses
      At line 167 in file RTE\Device\STM32F407VG\startup_stm32f40_41xxx.s
      At line 324 in file RTE\Device\STM32F407VG\startup_stm32f40_41xxx.s

HardFault_Handler 00000006

Symbol: HardFault_Handler
   Definitions
      At line 205 in file RTE\Device\STM32F407VG\startup_stm32f40_41xxx.s
   Uses
      At line 72 in file RTE\Device\STM32F407VG\startup_stm32f40_41xxx.s
      At line 206 in file RTE\Device\STM32F407VG\startup_stm32f40_41xxx.s

I2C1_ER_IRQHandler 00000016

Symbol: I2C1_ER_IRQHandler
   Definitions
      At line 359 in file RTE\Device\STM32F407VG\startup_stm32f40_41xxx.s
   Uses
      At line 119 in file RTE\Device\STM32F407VG\startup_stm32f40_41xxx.s
      At line 276 in file RTE\Device\STM32F407VG\startup_stm32f40_41xxx.s

I2C1_EV_IRQHandler 00000016



ARM Macro Assembler    Page 8 Alphabetic symbol ordering
Relocatable symbols


Symbol: I2C1_EV_IRQHandler
   Definitions
      At line 358 in file RTE\Device\STM32F407VG\startup_stm32f40_41xxx.s
   Uses
      At line 118 in file RTE\Device\STM32F407VG\startup_stm32f40_41xxx.s
      At line 275 in file RTE\Device\STM32F407VG\startup_stm32f40_41xxx.s

I2C2_ER_IRQHandler 00000016

Symbol: I2C2_ER_IRQHandler
   Definitions
      At line 361 in file RTE\Device\STM32F407VG\startup_stm32f40_41xxx.s
   Uses
      At line 121 in file RTE\Device\STM32F407VG\startup_stm32f40_41xxx.s
      At line 278 in file RTE\Device\STM32F407VG\startup_stm32f40_41xxx.s

I2C2_EV_IRQHandler 00000016

Symbol: I2C2_EV_IRQHandler
   Definitions
      At line 360 in file RTE\Device\STM32F407VG\startup_stm32f40_41xxx.s
   Uses
      At line 120 in file RTE\Device\STM32F407VG\startup_stm32f40_41xxx.s
      At line 277 in file RTE\Device\STM32F407VG\startup_stm32f40_41xxx.s

I2C3_ER_IRQHandler 00000016

Symbol: I2C3_ER_IRQHandler
   Definitions
      At line 400 in file RTE\Device\STM32F407VG\startup_stm32f40_41xxx.s
   Uses
      At line 160 in file RTE\Device\STM32F407VG\startup_stm32f40_41xxx.s
      At line 317 in file RTE\Device\STM32F407VG\startup_stm32f40_41xxx.s

I2C3_EV_IRQHandler 00000016

Symbol: I2C3_EV_IRQHandler
   Definitions
      At line 399 in file RTE\Device\STM32F407VG\startup_stm32f40_41xxx.s
   Uses
      At line 159 in file RTE\Device\STM32F407VG\startup_stm32f40_41xxx.s
      At line 316 in file RTE\Device\STM32F407VG\startup_stm32f40_41xxx.s

MemManage_Handler 00000008

Symbol: MemManage_Handler
   Definitions
      At line 210 in file RTE\Device\STM32F407VG\startup_stm32f40_41xxx.s
   Uses
      At line 73 in file RTE\Device\STM32F407VG\startup_stm32f40_41xxx.s
      At line 211 in file RTE\Device\STM32F407VG\startup_stm32f40_41xxx.s

NMI_Handler 00000004

Symbol: NMI_Handler
   Definitions
      At line 200 in file RTE\Device\STM32F407VG\startup_stm32f40_41xxx.s
   Uses



ARM Macro Assembler    Page 9 Alphabetic symbol ordering
Relocatable symbols

      At line 71 in file RTE\Device\STM32F407VG\startup_stm32f40_41xxx.s
      At line 201 in file RTE\Device\STM32F407VG\startup_stm32f40_41xxx.s

OTG_FS_IRQHandler 00000016

Symbol: OTG_FS_IRQHandler
   Definitions
      At line 394 in file RTE\Device\STM32F407VG\startup_stm32f40_41xxx.s
   Uses
      At line 154 in file RTE\Device\STM32F407VG\startup_stm32f40_41xxx.s
      At line 311 in file RTE\Device\STM32F407VG\startup_stm32f40_41xxx.s

OTG_FS_WKUP_IRQHandler 00000016

Symbol: OTG_FS_WKUP_IRQHandler
   Definitions
      At line 369 in file RTE\Device\STM32F407VG\startup_stm32f40_41xxx.s
   Uses
      At line 129 in file RTE\Device\STM32F407VG\startup_stm32f40_41xxx.s
      At line 286 in file RTE\Device\STM32F407VG\startup_stm32f40_41xxx.s

OTG_HS_EP1_IN_IRQHandler 00000016

Symbol: OTG_HS_EP1_IN_IRQHandler
   Definitions
      At line 402 in file RTE\Device\STM32F407VG\startup_stm32f40_41xxx.s
   Uses
      At line 162 in file RTE\Device\STM32F407VG\startup_stm32f40_41xxx.s
      At line 319 in file RTE\Device\STM32F407VG\startup_stm32f40_41xxx.s

OTG_HS_EP1_OUT_IRQHandler 00000016

Symbol: OTG_HS_EP1_OUT_IRQHandler
   Definitions
      At line 401 in file RTE\Device\STM32F407VG\startup_stm32f40_41xxx.s
   Uses
      At line 161 in file RTE\Device\STM32F407VG\startup_stm32f40_41xxx.s
      At line 318 in file RTE\Device\STM32F407VG\startup_stm32f40_41xxx.s

OTG_HS_IRQHandler 00000016

Symbol: OTG_HS_IRQHandler
   Definitions
      At line 404 in file RTE\Device\STM32F407VG\startup_stm32f40_41xxx.s
   Uses
      At line 164 in file RTE\Device\STM32F407VG\startup_stm32f40_41xxx.s
      At line 321 in file RTE\Device\STM32F407VG\startup_stm32f40_41xxx.s

OTG_HS_WKUP_IRQHandler 00000016

Symbol: OTG_HS_WKUP_IRQHandler
   Definitions
      At line 403 in file RTE\Device\STM32F407VG\startup_stm32f40_41xxx.s
   Uses
      At line 163 in file RTE\Device\STM32F407VG\startup_stm32f40_41xxx.s
      At line 320 in file RTE\Device\STM32F407VG\startup_stm32f40_41xxx.s

PVD_IRQHandler 00000016




ARM Macro Assembler    Page 10 Alphabetic symbol ordering
Relocatable symbols

Symbol: PVD_IRQHandler
   Definitions
      At line 328 in file RTE\Device\STM32F407VG\startup_stm32f40_41xxx.s
   Uses
      At line 88 in file RTE\Device\STM32F407VG\startup_stm32f40_41xxx.s
      At line 245 in file RTE\Device\STM32F407VG\startup_stm32f40_41xxx.s

PendSV_Handler 00000012

Symbol: PendSV_Handler
   Definitions
      At line 233 in file RTE\Device\STM32F407VG\startup_stm32f40_41xxx.s
   Uses
      At line 83 in file RTE\Device\STM32F407VG\startup_stm32f40_41xxx.s
      At line 234 in file RTE\Device\STM32F407VG\startup_stm32f40_41xxx.s

RCC_IRQHandler 00000016

Symbol: RCC_IRQHandler
   Definitions
      At line 332 in file RTE\Device\STM32F407VG\startup_stm32f40_41xxx.s
   Uses
      At line 92 in file RTE\Device\STM32F407VG\startup_stm32f40_41xxx.s
      At line 249 in file RTE\Device\STM32F407VG\startup_stm32f40_41xxx.s

RTC_Alarm_IRQHandler 00000016

Symbol: RTC_Alarm_IRQHandler
   Definitions
      At line 368 in file RTE\Device\STM32F407VG\startup_stm32f40_41xxx.s
   Uses
      At line 128 in file RTE\Device\STM32F407VG\startup_stm32f40_41xxx.s
      At line 285 in file RTE\Device\STM32F407VG\startup_stm32f40_41xxx.s

RTC_WKUP_IRQHandler 00000016

Symbol: RTC_WKUP_IRQHandler
   Definitions
      At line 330 in file RTE\Device\STM32F407VG\startup_stm32f40_41xxx.s
   Uses
      At line 90 in file RTE\Device\STM32F407VG\startup_stm32f40_41xxx.s
      At line 247 in file RTE\Device\STM32F407VG\startup_stm32f40_41xxx.s

Reset_Handler 00000000

Symbol: Reset_Handler
   Definitions
      At line 177 in file RTE\Device\STM32F407VG\startup_stm32f40_41xxx.s
   Uses
      At line 70 in file RTE\Device\STM32F407VG\startup_stm32f40_41xxx.s
      At line 178 in file RTE\Device\STM32F407VG\startup_stm32f40_41xxx.s

SDIO_IRQHandler 00000016

Symbol: SDIO_IRQHandler
   Definitions
      At line 376 in file RTE\Device\STM32F407VG\startup_stm32f40_41xxx.s
   Uses
      At line 136 in file RTE\Device\STM32F407VG\startup_stm32f40_41xxx.s



ARM Macro Assembler    Page 11 Alphabetic symbol ordering
Relocatable symbols

      At line 293 in file RTE\Device\STM32F407VG\startup_stm32f40_41xxx.s

SPI1_IRQHandler 00000016

Symbol: SPI1_IRQHandler
   Definitions
      At line 362 in file RTE\Device\STM32F407VG\startup_stm32f40_41xxx.s
   Uses
      At line 122 in file RTE\Device\STM32F407VG\startup_stm32f40_41xxx.s
      At line 279 in file RTE\Device\STM32F407VG\startup_stm32f40_41xxx.s

SPI2_IRQHandler 00000016

Symbol: SPI2_IRQHandler
   Definitions
      At line 363 in file RTE\Device\STM32F407VG\startup_stm32f40_41xxx.s
   Uses
      At line 123 in file RTE\Device\STM32F407VG\startup_stm32f40_41xxx.s
      At line 280 in file RTE\Device\STM32F407VG\startup_stm32f40_41xxx.s

SPI3_IRQHandler 00000016

Symbol: SPI3_IRQHandler
   Definitions
      At line 378 in file RTE\Device\STM32F407VG\startup_stm32f40_41xxx.s
   Uses
      At line 138 in file RTE\Device\STM32F407VG\startup_stm32f40_41xxx.s
      At line 295 in file RTE\Device\STM32F407VG\startup_stm32f40_41xxx.s

SVC_Handler 0000000E

Symbol: SVC_Handler
   Definitions
      At line 224 in file RTE\Device\STM32F407VG\startup_stm32f40_41xxx.s
   Uses
      At line 80 in file RTE\Device\STM32F407VG\startup_stm32f40_41xxx.s
      At line 225 in file RTE\Device\STM32F407VG\startup_stm32f40_41xxx.s

SysTick_Handler 00000014

Symbol: SysTick_Handler
   Definitions
      At line 237 in file RTE\Device\STM32F407VG\startup_stm32f40_41xxx.s
   Uses
      At line 84 in file RTE\Device\STM32F407VG\startup_stm32f40_41xxx.s
      At line 238 in file RTE\Device\STM32F407VG\startup_stm32f40_41xxx.s

TAMP_STAMP_IRQHandler 00000016

Symbol: TAMP_STAMP_IRQHandler
   Definitions
      At line 329 in file RTE\Device\STM32F407VG\startup_stm32f40_41xxx.s
   Uses
      At line 89 in file RTE\Device\STM32F407VG\startup_stm32f40_41xxx.s
      At line 246 in file RTE\Device\STM32F407VG\startup_stm32f40_41xxx.s

TIM1_BRK_TIM9_IRQHandler 00000016

Symbol: TIM1_BRK_TIM9_IRQHandler



ARM Macro Assembler    Page 12 Alphabetic symbol ordering
Relocatable symbols

   Definitions
      At line 351 in file RTE\Device\STM32F407VG\startup_stm32f40_41xxx.s
   Uses
      At line 111 in file RTE\Device\STM32F407VG\startup_stm32f40_41xxx.s
      At line 268 in file RTE\Device\STM32F407VG\startup_stm32f40_41xxx.s

TIM1_CC_IRQHandler 00000016

Symbol: TIM1_CC_IRQHandler
   Definitions
      At line 354 in file RTE\Device\STM32F407VG\startup_stm32f40_41xxx.s
   Uses
      At line 114 in file RTE\Device\STM32F407VG\startup_stm32f40_41xxx.s
      At line 271 in file RTE\Device\STM32F407VG\startup_stm32f40_41xxx.s

TIM1_TRG_COM_TIM11_IRQHandler 00000016

Symbol: TIM1_TRG_COM_TIM11_IRQHandler
   Definitions
      At line 353 in file RTE\Device\STM32F407VG\startup_stm32f40_41xxx.s
   Uses
      At line 113 in file RTE\Device\STM32F407VG\startup_stm32f40_41xxx.s
      At line 270 in file RTE\Device\STM32F407VG\startup_stm32f40_41xxx.s

TIM1_UP_TIM10_IRQHandler 00000016

Symbol: TIM1_UP_TIM10_IRQHandler
   Definitions
      At line 352 in file RTE\Device\STM32F407VG\startup_stm32f40_41xxx.s
   Uses
      At line 112 in file RTE\Device\STM32F407VG\startup_stm32f40_41xxx.s
      At line 269 in file RTE\Device\STM32F407VG\startup_stm32f40_41xxx.s

TIM2_IRQHandler 00000016

Symbol: TIM2_IRQHandler
   Definitions
      At line 355 in file RTE\Device\STM32F407VG\startup_stm32f40_41xxx.s
   Uses
      At line 115 in file RTE\Device\STM32F407VG\startup_stm32f40_41xxx.s
      At line 272 in file RTE\Device\STM32F407VG\startup_stm32f40_41xxx.s

TIM3_IRQHandler 00000016

Symbol: TIM3_IRQHandler
   Definitions
      At line 356 in file RTE\Device\STM32F407VG\startup_stm32f40_41xxx.s
   Uses
      At line 116 in file RTE\Device\STM32F407VG\startup_stm32f40_41xxx.s
      At line 273 in file RTE\Device\STM32F407VG\startup_stm32f40_41xxx.s

TIM4_IRQHandler 00000016

Symbol: TIM4_IRQHandler
   Definitions
      At line 357 in file RTE\Device\STM32F407VG\startup_stm32f40_41xxx.s
   Uses
      At line 117 in file RTE\Device\STM32F407VG\startup_stm32f40_41xxx.s
      At line 274 in file RTE\Device\STM32F407VG\startup_stm32f40_41xxx.s



ARM Macro Assembler    Page 13 Alphabetic symbol ordering
Relocatable symbols


TIM5_IRQHandler 00000016

Symbol: TIM5_IRQHandler
   Definitions
      At line 377 in file RTE\Device\STM32F407VG\startup_stm32f40_41xxx.s
   Uses
      At line 137 in file RTE\Device\STM32F407VG\startup_stm32f40_41xxx.s
      At line 294 in file RTE\Device\STM32F407VG\startup_stm32f40_41xxx.s

TIM6_DAC_IRQHandler 00000016

Symbol: TIM6_DAC_IRQHandler
   Definitions
      At line 381 in file RTE\Device\STM32F407VG\startup_stm32f40_41xxx.s
   Uses
      At line 141 in file RTE\Device\STM32F407VG\startup_stm32f40_41xxx.s
      At line 298 in file RTE\Device\STM32F407VG\startup_stm32f40_41xxx.s

TIM7_IRQHandler 00000016

Symbol: TIM7_IRQHandler
   Definitions
      At line 382 in file RTE\Device\STM32F407VG\startup_stm32f40_41xxx.s
   Uses
      At line 142 in file RTE\Device\STM32F407VG\startup_stm32f40_41xxx.s
      At line 299 in file RTE\Device\STM32F407VG\startup_stm32f40_41xxx.s

TIM8_BRK_TIM12_IRQHandler 00000016

Symbol: TIM8_BRK_TIM12_IRQHandler
   Definitions
      At line 370 in file RTE\Device\STM32F407VG\startup_stm32f40_41xxx.s
   Uses
      At line 130 in file RTE\Device\STM32F407VG\startup_stm32f40_41xxx.s
      At line 287 in file RTE\Device\STM32F407VG\startup_stm32f40_41xxx.s

TIM8_CC_IRQHandler 00000016

Symbol: TIM8_CC_IRQHandler
   Definitions
      At line 373 in file RTE\Device\STM32F407VG\startup_stm32f40_41xxx.s
   Uses
      At line 133 in file RTE\Device\STM32F407VG\startup_stm32f40_41xxx.s
      At line 290 in file RTE\Device\STM32F407VG\startup_stm32f40_41xxx.s

TIM8_TRG_COM_TIM14_IRQHandler 00000016

Symbol: TIM8_TRG_COM_TIM14_IRQHandler
   Definitions
      At line 372 in file RTE\Device\STM32F407VG\startup_stm32f40_41xxx.s
   Uses
      At line 132 in file RTE\Device\STM32F407VG\startup_stm32f40_41xxx.s
      At line 289 in file RTE\Device\STM32F407VG\startup_stm32f40_41xxx.s

TIM8_UP_TIM13_IRQHandler 00000016

Symbol: TIM8_UP_TIM13_IRQHandler
   Definitions



ARM Macro Assembler    Page 14 Alphabetic symbol ordering
Relocatable symbols

      At line 371 in file RTE\Device\STM32F407VG\startup_stm32f40_41xxx.s
   Uses
      At line 131 in file RTE\Device\STM32F407VG\startup_stm32f40_41xxx.s
      At line 288 in file RTE\Device\STM32F407VG\startup_stm32f40_41xxx.s

UART4_IRQHandler 00000016

Symbol: UART4_IRQHandler
   Definitions
      At line 379 in file RTE\Device\STM32F407VG\startup_stm32f40_41xxx.s
   Uses
      At line 139 in file RTE\Device\STM32F407VG\startup_stm32f40_41xxx.s
      At line 296 in file RTE\Device\STM32F407VG\startup_stm32f40_41xxx.s

UART5_IRQHandler 00000016

Symbol: UART5_IRQHandler
   Definitions
      At line 380 in file RTE\Device\STM32F407VG\startup_stm32f40_41xxx.s
   Uses
      At line 140 in file RTE\Device\STM32F407VG\startup_stm32f40_41xxx.s
      At line 297 in file RTE\Device\STM32F407VG\startup_stm32f40_41xxx.s

USART1_IRQHandler 00000016

Symbol: USART1_IRQHandler
   Definitions
      At line 364 in file RTE\Device\STM32F407VG\startup_stm32f40_41xxx.s
   Uses
      At line 124 in file RTE\Device\STM32F407VG\startup_stm32f40_41xxx.s
      At line 281 in file RTE\Device\STM32F407VG\startup_stm32f40_41xxx.s

USART2_IRQHandler 00000016

Symbol: USART2_IRQHandler
   Definitions
      At line 365 in file RTE\Device\STM32F407VG\startup_stm32f40_41xxx.s
   Uses
      At line 125 in file RTE\Device\STM32F407VG\startup_stm32f40_41xxx.s
      At line 282 in file RTE\Device\STM32F407VG\startup_stm32f40_41xxx.s

USART3_IRQHandler 00000016

Symbol: USART3_IRQHandler
   Definitions
      At line 366 in file RTE\Device\STM32F407VG\startup_stm32f40_41xxx.s
   Uses
      At line 126 in file RTE\Device\STM32F407VG\startup_stm32f40_41xxx.s
      At line 283 in file RTE\Device\STM32F407VG\startup_stm32f40_41xxx.s

USART6_IRQHandler 00000016

Symbol: USART6_IRQHandler
   Definitions
      At line 398 in file RTE\Device\STM32F407VG\startup_stm32f40_41xxx.s
   Uses
      At line 158 in file RTE\Device\STM32F407VG\startup_stm32f40_41xxx.s
      At line 315 in file RTE\Device\STM32F407VG\startup_stm32f40_41xxx.s




ARM Macro Assembler    Page 15 Alphabetic symbol ordering
Relocatable symbols

UsageFault_Handler 0000000C

Symbol: UsageFault_Handler
   Definitions
      At line 220 in file RTE\Device\STM32F407VG\startup_stm32f40_41xxx.s
   Uses
      At line 75 in file RTE\Device\STM32F407VG\startup_stm32f40_41xxx.s
      At line 221 in file RTE\Device\STM32F407VG\startup_stm32f40_41xxx.s

WWDG_IRQHandler 00000016

Symbol: WWDG_IRQHandler
   Definitions
      At line 327 in file RTE\Device\STM32F407VG\startup_stm32f40_41xxx.s
   Uses
      At line 87 in file RTE\Device\STM32F407VG\startup_stm32f40_41xxx.s
      At line 244 in file RTE\Device\STM32F407VG\startup_stm32f40_41xxx.s

__user_initial_stackheap 00000018

Symbol: __user_initial_stackheap
   Definitions
      At line 430 in file RTE\Device\STM32F407VG\startup_stm32f40_41xxx.s
   Uses
      At line 428 in file RTE\Device\STM32F407VG\startup_stm32f40_41xxx.s
Comment: __user_initial_stackheap used once
95 symbols



ARM Macro Assembler    Page 1 Alphabetic symbol ordering
Absolute symbols

Heap_Size 00000200

Symbol: Heap_Size
   Definitions
      At line 52 in file RTE\Device\STM32F407VG\startup_stm32f40_41xxx.s
   Uses
      At line 56 in file RTE\Device\STM32F407VG\startup_stm32f40_41xxx.s
      At line 434 in file RTE\Device\STM32F407VG\startup_stm32f40_41xxx.s

Stack_Size 00000400

Symbol: Stack_Size
   Definitions
      At line 41 in file RTE\Device\STM32F407VG\startup_stm32f40_41xxx.s
   Uses
      At line 44 in file RTE\Device\STM32F407VG\startup_stm32f40_41xxx.s
      At line 433 in file RTE\Device\STM32F407VG\startup_stm32f40_41xxx.s

__Vectors_Size 00000188

Symbol: __Vectors_Size
   Definitions
      At line 172 in file RTE\Device\STM32F407VG\startup_stm32f40_41xxx.s
   Uses
      At line 67 in file RTE\Device\STM32F407VG\startup_stm32f40_41xxx.s
Comment: __Vectors_Size used once
3 symbols



ARM Macro Assembler    Page 1 Alphabetic symbol ordering
External symbols

__use_two_region_memory 00000000

Symbol: __use_two_region_memory
   Definitions
      At line 427 in file RTE\Device\STM32F407VG\startup_stm32f40_41xxx.s
   Uses
      None
Comment: __use_two_region_memory unused
myfunction 00000000

Symbol: myfunction
   Definitions
      At line 181 in file RTE\Device\STM32F407VG\startup_stm32f40_41xxx.s
   Uses
      At line 192 in file RTE\Device\STM32F407VG\startup_stm32f40_41xxx.s
Comment: myfunction used once
2 symbols
449 symbols in table
